example/build/app/intermediates/manifest_merge_blame_file/debug/manifest-merger-blame-debug-report.txt
1<?xml version="1.0" encoding="utf-8"?>
2<manifest xmlns:android="http://schemas.android.com/apk/res/android"
3    package="io.flutter.plugins.localauthexample"
4    android:versionCode="1"
5    android:versionName="1.0" >
6
7    <uses-sdk
8        android:minSdkVersion="16"
8-->src/main/AndroidManifest.xml
9        android:targetSdkVersion="28" />
9-->src/main/AndroidManifest.xml
10
11    <uses-permission android:name="android.permission.INTERNET" />
11-->src/main/AndroidManifest.xml:4:5-66
11-->src/main/AndroidManifest.xml:4:22-64
12    <uses-permission android:name="android.permission.USE_FINGERPRINT" />
12-->src/main/AndroidManifest.xml:5:5-73
12-->src/main/AndroidManifest.xml:5:22-71
13    <uses-permission android:name="android.permission.USE_BIOMETRIC" />
13-->[androidx.biometric:biometric:1.0.0-beta01] AndroidManifest.xml:24:5-72
13-->[androidx.biometric:biometric:1.0.0-beta01] AndroidManifest.xml:24:22-69
14
15    <application
15-->src/main/AndroidManifest.xml:7:5-25:19
16        android:name="io.flutter.app.FlutterApplication"
16-->src/main/AndroidManifest.xml:7:18-66
17        android:appComponentFactory="androidx.core.app.CoreComponentFactory"
17-->[androidx.core:core:1.1.0-rc03] AndroidManifest.xml:24:18-86
18        android:debuggable="true"
19        android:icon="@mipmap/ic_launcher"
19-->src/main/AndroidManifest.xml:7:102-136
20        android:label="local_auth_example" >
20-->src/main/AndroidManifest.xml:7:67-101
21        <activity
21-->src/main/AndroidManifest.xml:8:9-18:20
22            android:name="io.flutter.plugins.localauthexample.MainActivity"
22-->src/main/AndroidManifest.xml:8:19-47
23            android:configChanges="orientation|keyboardHidden|keyboard|screenSize|locale|layoutDirection"
23-->src/main/AndroidManifest.xml:11:19-112
24            android:hardwareAccelerated="true"
24-->src/main/AndroidManifest.xml:12:19-53
25            android:launchMode="singleTop"
25-->src/main/AndroidManifest.xml:9:19-49
26            android:theme="@style/Theme.AppCompat.Light"
26-->src/main/AndroidManifest.xml:10:19-63
27            android:windowSoftInputMode="adjustResize" >
27-->src/main/AndroidManifest.xml:13:19-61
28            <intent-filter>
28-->src/main/AndroidManifest.xml:14:13-17:29
29                <action android:name="android.intent.action.MAIN" />
29-->src/main/AndroidManifest.xml:15:17-68
29-->src/main/AndroidManifest.xml:15:25-66
30
31                <category android:name="android.intent.category.LAUNCHER" />
31-->src/main/AndroidManifest.xml:16:17-76
31-->src/main/AndroidManifest.xml:16:27-74
32            </intent-filter>
33        </activity>
34        <activity
34-->src/main/AndroidManifest.xml:19:9-24:20
35            android:name="io.flutter.plugins.localauthexample.EmbeddingV1Activity"
35-->src/main/AndroidManifest.xml:20:13-48
36            android:configChanges="orientation|keyboardHidden|keyboard|screenSize|locale|layoutDirection|fontScale"
36-->src/main/AndroidManifest.xml:21:13-116
37            android:hardwareAccelerated="true"
37-->src/main/AndroidManifest.xml:22:13-47
38            android:windowSoftInputMode="adjustResize" >
38-->src/main/AndroidManifest.xml:23:13-55
39        </activity>
40        <activity
40-->[androidx.biometric:biometric:1.0.0-beta01] AndroidManifest.xml:28:9-30:67
41            android:name="androidx.biometric.DeviceCredentialHandlerActivity"
41-->[androidx.biometric:biometric:1.0.0-beta01] AndroidManifest.xml:29:13-78
42            android:theme="@style/DeviceCredentialHandlerTheme" />
42-->[androidx.biometric:biometric:1.0.0-beta01] AndroidManifest.xml:30:13-64
43    </application>
44
45</manifest>